<?xml version="1.0" encoding="UTF-8"?>
<!-- Generated by org.testng.reporters.JUnitReportReporter -->
<testsuite hostname="LAPTOP-B9RH7SGE" failures="0" tests="4" name="pack123.TestNG123" time="0.004" errors="0" timestamp="2022-05-14T07:59:24 IST" skipped="0">
  <testcase classname="pack123.TestNG123" name="testC" time="0.001"/>
  <system-out/>
  <testcase classname="pack123.TestNG123" name="testD" time="0.001"/>
  <system-out/>
  <testcase classname="pack123.TestNG123" name="testA" time="0.001"/>
  <system-out/>
  <testcase classname="pack123.TestNG123" name="testB" time="0.001"/>
  <system-out/>
</testsuite> <!-- pack123.TestNG123 -->
