<?xml version="1.0" encoding="UTF-8"?>
<!-- Generated by org.testng.reporters.JUnitReportReporter -->
<testsuite hostname="LAPTOP-B9RH7SGE" failures="0" tests="4" name="pack123.TestNGpom" time="72.533" errors="0" timestamp="2022-05-26T04:55:29 IST" skipped="0">
  <testcase classname="pack123.TestNGpom" name="verifyOrder" time="18.112"/>
  <system-out/>
  <testcase classname="pack123.TestNGpom" name="verifyOrder" time="17.074"/>
  <system-out/>
  <testcase classname="pack123.TestNGpom" name="verifyDashBoard" time="18.334"/>
  <system-out/>
  <testcase classname="pack123.TestNGpom" name="verifyDashBoard" time="19.013"/>
  <system-out/>
</testsuite> <!-- pack123.TestNGpom -->
