<?xml version="1.0" encoding="UTF-8"?>
<!-- Generated by org.testng.reporters.JUnitReportReporter -->
<testsuite hostname="LAPTOP-B9RH7SGE" failures="0" tests="4" name="pack123.TestNext" time="70.341" errors="0" timestamp="2022-05-26T04:55:29 IST" skipped="0">
  <testcase classname="pack123.TestNext" name="verifyDownload" time="18.087"/>
  <system-out/>
  <testcase classname="pack123.TestNext" name="verifyAddresses" time="17.594"/>
  <system-out/>
  <testcase classname="pack123.TestNext" name="verifyAddresses" time="18.985"/>
  <system-out/>
  <testcase classname="pack123.TestNext" name="verifyDownload" time="15.675"/>
  <system-out/>
</testsuite> <!-- pack123.TestNext -->
