<?xml version="1.0" encoding="UTF-8"?>
<!-- Generated by org.testng.reporters.JUnitReportReporter -->
<testsuite hostname="LAPTOP-B9RH7SGE" failures="0" tests="2" name="PackMOCK.newf" time="0.005" errors="0" timestamp="2022-05-02T22:12:11 IST" skipped="0">
  <testcase classname="PackMOCK.newf" name="testA" time="0.004"/>
  <system-out/>
  <testcase classname="PackMOCK.newf" name="testB" time="0.001"/>
  <system-out/>
</testsuite> <!-- PackMOCK.newf -->
