<?xml version="1.0" encoding="UTF-8"?>
<!-- Generated by org.testng.reporters.JUnitReportReporter -->
<testsuite hostname="LAPTOP-B9RH7SGE" failures="0" tests="4" name="PackMOCK.Lokesh" time="0.002" errors="0" timestamp="2022-03-01T17:49:57 IST" skipped="0">
  <testcase classname="PackMOCK.Lokesh" name="testC" time="0.000"/>
  <system-out/>
  <testcase classname="PackMOCK.Lokesh" name="testA" time="0.001"/>
  <system-out/>
  <testcase classname="PackMOCK.Lokesh" name="testD" time="0.000"/>
  <system-out/>
  <testcase classname="PackMOCK.Lokesh" name="testB" time="0.001"/>
  <system-out/>
</testsuite> <!-- PackMOCK.Lokesh -->
