<?xml version="1.0" encoding="UTF-8"?>
<!-- Generated by org.testng.reporters.JUnitReportReporter -->
<testsuite hostname="LAPTOP-B9RH7SGE" failures="0" tests="1" name="PackMOCK.General" time="0.006" errors="0" timestamp="2022-06-19T18:14:29 IST" skipped="0">
  <testcase classname="PackMOCK.General" name="testA" time="0.006"/>
  <system-out/>
</testsuite> <!-- PackMOCK.General -->
