<?xml version="1.0" encoding="UTF-8"?>
<!-- Generated by org.testng.reporters.JUnitReportReporter -->
<testsuite hostname="LAPTOP-B9RH7SGE" failures="0" tests="4" name="PackMOCK.TestNG1234" time="19.671" errors="0" timestamp="2022-05-02T22:42:07 IST" skipped="0">
  <testcase classname="PackMOCK.TestNG1234" name="verifyUser" time="4.017"/>
  <system-out/>
  <testcase classname="PackMOCK.TestNG1234" name="verifyReport" time="6.661"/>
  <system-out/>
  <testcase classname="PackMOCK.TestNG1234" name="verifyReport" time="5.328"/>
  <system-out/>
  <testcase classname="PackMOCK.TestNG1234" name="verifyUser" time="3.665"/>
  <system-out/>
</testsuite> <!-- PackMOCK.TestNG1234 -->
