<?xml version="1.0" encoding="UTF-8"?>
<!-- Generated by org.testng.reporters.JUnitReportReporter -->
<testsuite hostname="LAPTOP-B9RH7SGE" failures="0" tests="6" name="PackMOCK.TestNGJava" time="3.032" errors="0" timestamp="2022-04-08T00:50:22 IST" skipped="0">
  <testcase classname="PackMOCK.TestNGJava" name="testA" time="0.015"/>
  <system-out/>
  <testcase classname="PackMOCK.TestNGJava" name="testB" time="3.015"/>
  <system-out/>
  <testcase classname="PackMOCK.TestNGJava" name="testC" time="0.000"/>
  <system-out/>
  <testcase classname="PackMOCK.TestNGJava" name="testC" time="0.000"/>
  <system-out/>
  <testcase classname="PackMOCK.TestNGJava" name="testC" time="0.001"/>
  <system-out/>
  <testcase classname="PackMOCK.TestNGJava" name="testD" time="0.001"/>
  <system-out/>
</testsuite> <!-- PackMOCK.TestNGJava -->
