<?xml version="1.0" encoding="UTF-8"?>
<!-- Generated by org.testng.reporters.JUnitReportReporter -->
<testsuite hostname="LAPTOP-B9RH7SGE" failures="0" tests="4" name="PackMOCK.TestNGPOM$TestNG1234" time="13.726" errors="0" timestamp="2022-03-08T23:51:26 IST" skipped="0">
  <testcase classname="PackMOCK.TestNGPOM$TestNG1234" name="verifyReport" time="3.464"/>
  <system-out/>
  <testcase classname="PackMOCK.TestNGPOM$TestNG1234" name="verifyUser" time="3.130"/>
  <system-out/>
  <testcase classname="PackMOCK.TestNGPOM$TestNG1234" name="verifyUser" time="4.065"/>
  <system-out/>
  <testcase classname="PackMOCK.TestNGPOM$TestNG1234" name="verifyReport" time="3.067"/>
  <system-out/>
</testsuite> <!-- PackMOCK.TestNGPOM$TestNG1234 -->
