<?xml version="1.0" encoding="UTF-8"?>
<!-- Generated by org.testng.reporters.JUnitReportReporter -->
<testsuite hostname="LAPTOP-B9RH7SGE" failures="0" tests="4" name="PackMOCK.TestNGPOM" time="18.753" errors="0" timestamp="2022-05-02T22:42:07 IST" skipped="0">
  <testcase classname="PackMOCK.TestNGPOM" name="verifyReport" time="6.040"/>
  <system-out/>
  <testcase classname="PackMOCK.TestNGPOM" name="verifyUser" time="3.956"/>
  <system-out/>
  <testcase classname="PackMOCK.TestNGPOM" name="verifyUser" time="3.724"/>
  <system-out/>
  <testcase classname="PackMOCK.TestNGPOM" name="verifyReport" time="5.033"/>
  <system-out/>
</testsuite> <!-- PackMOCK.TestNGPOM -->
