<?xml version="1.0" encoding="UTF-8"?>
<!-- Generated by org.testng.reporters.JUnitReportReporter -->
<testsuite hostname="LAPTOP-B9RH7SGE" failures="0" tests="2" name="PackMOCK.Genral123" time="0.002" errors="0" timestamp="2022-06-19T18:14:29 IST" skipped="0">
  <testcase classname="PackMOCK.Genral123" name="testA" time="0.002"/>
  <system-out/>
  <testcase classname="PackMOCK.Genral123" name="testB" time="0.000"/>
  <system-out/>
</testsuite> <!-- PackMOCK.Genral123 -->
